<?xml version="1.0" encoding="UTF-8"?>
<testsuite name="com.recorddb.server.AppIntegrationBasicTest" tests="1" skipped="0" failures="0" errors="0" timestamp="2024-10-20T14:03:31" hostname="rog" time="0.039">
  <properties/>
  <testcase name="testCombinedCases()" classname="com.recorddb.server.AppIntegrationBasicTest" time="0.039"/>
  <system-out><![CDATA[]]></system-out>
  <system-err><![CDATA[]]></system-err>
</testsuite>
